<?xml version="1.0" encoding="UTF-8"?>
<robot generator="Robot 5.0.1 (Python 3.9.13 on win32)" generated="20220613 05:11:58.407" rpa="false" schemaversion="3">
<suite id="s1" name="flaskyTestCases" source="C:\Users\User\SignantHealthTask\Flasky\TestCases\flaskyTestCases.robot">
<test id="s1-t1" name="TC4" line="22">
<kw name="DDT For Invalid Login Scenarios">
<arg>user</arg>
<arg>passwordd</arg>
<arg>Login Failure</arg>
<kw name="Open Browser" library="SeleniumLibrary">
<arg>${URL}</arg>
<arg>${BROWSER}</arg>
<doc>Opens a new browser instance to the optional ``url``.</doc>
<msg timestamp="20220613 05:12:01.343" level="INFO">Opening browser 'chrome' to base url 'http://192.168.1.162:8080/'.</msg>
<status status="PASS" starttime="20220613 05:12:01.340" endtime="20220613 05:12:11.975"/>
</kw>
<kw name="Maximize Browser Window" library="SeleniumLibrary">
<doc>Maximizes current browser window.</doc>
<status status="PASS" starttime="20220613 05:12:11.976" endtime="20220613 05:12:12.340"/>
</kw>
<kw name="Wait Until Element Is Visible" library="SeleniumLibrary">
<arg>${Login_link}</arg>
<doc>Waits until the element ``locator`` is visible.</doc>
<status status="PASS" starttime="20220613 05:12:12.341" endtime="20220613 05:12:12.602"/>
</kw>
<kw name="Click Link" library="SeleniumLibrary">
<arg>${Login_link}</arg>
<doc>Clicks a link identified by ``locator``.</doc>
<msg timestamp="20220613 05:12:12.604" level="INFO">Clicking link 'xpath://a[contains(text(),'Log In')]'.</msg>
<status status="PASS" starttime="20220613 05:12:12.603" endtime="20220613 05:12:13.019"/>
</kw>
<kw name="Input Text" library="SeleniumLibrary">
<arg>${usernaame}</arg>
<arg>${username}</arg>
<doc>Types the given ``text`` into the text field identified by ``locator``.</doc>
<msg timestamp="20220613 05:12:13.021" level="INFO">Typing text 'user' into text field 'id:username'.</msg>
<status status="PASS" starttime="20220613 05:12:13.020" endtime="20220613 05:12:13.474"/>
</kw>
<kw name="Input Text" library="SeleniumLibrary">
<arg>${passwoord}</arg>
<arg>${password}</arg>
<doc>Types the given ``text`` into the text field identified by ``locator``.</doc>
<msg timestamp="20220613 05:12:13.476" level="INFO">Typing text 'passwordd' into text field 'id:password'.</msg>
<status status="PASS" starttime="20220613 05:12:13.475" endtime="20220613 05:12:13.688"/>
</kw>
<kw name="Wait Until Element Is Visible" library="SeleniumLibrary">
<arg>${Login}</arg>
<doc>Waits until the element ``locator`` is visible.</doc>
<status status="PASS" starttime="20220613 05:12:13.689" endtime="20220613 05:12:13.763"/>
</kw>
<kw name="Click Button" library="SeleniumLibrary">
<arg>${Login}</arg>
<doc>Clicks the button identified by ``locator``.</doc>
<msg timestamp="20220613 05:12:13.764" level="INFO">Clicking button 'xpath:/html/body/section/form/input[3]'.</msg>
<status status="PASS" starttime="20220613 05:12:13.763" endtime="20220613 05:12:14.222"/>
</kw>
<kw name="Page Should Contain" library="SeleniumLibrary">
<arg>${errormessage}</arg>
<doc>Verifies that current page contains ``text``.</doc>
<msg timestamp="20220613 05:12:14.269" level="INFO">Current page contains text 'Login Failure'.</msg>
<status status="PASS" starttime="20220613 05:12:14.223" endtime="20220613 05:12:14.269"/>
</kw>
<status status="PASS" starttime="20220613 05:12:01.338" endtime="20220613 05:12:14.269"/>
</kw>
<kw name="DDT For Invalid Login Scenarios">
<arg>usernamee</arg>
<arg>test</arg>
<arg>Login Failure</arg>
<kw name="Open Browser" library="SeleniumLibrary">
<arg>${URL}</arg>
<arg>${BROWSER}</arg>
<doc>Opens a new browser instance to the optional ``url``.</doc>
<msg timestamp="20220613 05:12:14.274" level="INFO">Opening browser 'chrome' to base url 'http://192.168.1.162:8080/'.</msg>
<status status="PASS" starttime="20220613 05:12:14.273" endtime="20220613 05:12:19.335"/>
</kw>
<kw name="Maximize Browser Window" library="SeleniumLibrary">
<doc>Maximizes current browser window.</doc>
<status status="PASS" starttime="20220613 05:12:19.337" endtime="20220613 05:12:19.621"/>
</kw>
<kw name="Wait Until Element Is Visible" library="SeleniumLibrary">
<arg>${Login_link}</arg>
<doc>Waits until the element ``locator`` is visible.</doc>
<status status="PASS" starttime="20220613 05:12:19.621" endtime="20220613 05:12:19.683"/>
</kw>
<kw name="Click Link" library="SeleniumLibrary">
<arg>${Login_link}</arg>
<doc>Clicks a link identified by ``locator``.</doc>
<msg timestamp="20220613 05:12:19.684" level="INFO">Clicking link 'xpath://a[contains(text(),'Log In')]'.</msg>
<status status="PASS" starttime="20220613 05:12:19.684" endtime="20220613 05:12:20.294"/>
</kw>
<kw name="Input Text" library="SeleniumLibrary">
<arg>${usernaame}</arg>
<arg>${username}</arg>
<doc>Types the given ``text`` into the text field identified by ``locator``.</doc>
<msg timestamp="20220613 05:12:20.297" level="INFO">Typing text 'usernamee' into text field 'id:username'.</msg>
<status status="PASS" starttime="20220613 05:12:20.295" endtime="20220613 05:12:20.661"/>
</kw>
<kw name="Input Text" library="SeleniumLibrary">
<arg>${passwoord}</arg>
<arg>${password}</arg>
<doc>Types the given ``text`` into the text field identified by ``locator``.</doc>
<msg timestamp="20220613 05:12:20.663" level="INFO">Typing text 'test' into text field 'id:password'.</msg>
<status status="PASS" starttime="20220613 05:12:20.662" endtime="20220613 05:12:20.829"/>
</kw>
<kw name="Wait Until Element Is Visible" library="SeleniumLibrary">
<arg>${Login}</arg>
<doc>Waits until the element ``locator`` is visible.</doc>
<status status="PASS" starttime="20220613 05:12:20.829" endtime="20220613 05:12:20.867"/>
</kw>
<kw name="Click Button" library="SeleniumLibrary">
<arg>${Login}</arg>
<doc>Clicks the button identified by ``locator``.</doc>
<msg timestamp="20220613 05:12:20.868" level="INFO">Clicking button 'xpath:/html/body/section/form/input[3]'.</msg>
<status status="PASS" starttime="20220613 05:12:20.867" endtime="20220613 05:12:21.799"/>
</kw>
<kw name="Page Should Contain" library="SeleniumLibrary">
<arg>${errormessage}</arg>
<doc>Verifies that current page contains ``text``.</doc>
<msg timestamp="20220613 05:12:21.834" level="INFO">Current page contains text 'Login Failure'.</msg>
<status status="PASS" starttime="20220613 05:12:21.801" endtime="20220613 05:12:21.834"/>
</kw>
<status status="PASS" starttime="20220613 05:12:14.271" endtime="20220613 05:12:21.834"/>
</kw>
<kw name="DDT For Invalid Login Scenarios">
<arg>${EMPTY}</arg>
<arg>passwordd</arg>
<arg>Please fill out this field.</arg>
<kw name="Open Browser" library="SeleniumLibrary">
<arg>${URL}</arg>
<arg>${BROWSER}</arg>
<doc>Opens a new browser instance to the optional ``url``.</doc>
<msg timestamp="20220613 05:12:21.839" level="INFO">Opening browser 'chrome' to base url 'http://192.168.1.162:8080/'.</msg>
<status status="PASS" starttime="20220613 05:12:21.838" endtime="20220613 05:12:33.114"/>
</kw>
<kw name="Maximize Browser Window" library="SeleniumLibrary">
<doc>Maximizes current browser window.</doc>
<status status="PASS" starttime="20220613 05:12:33.115" endtime="20220613 05:12:33.406"/>
</kw>
<kw name="Wait Until Element Is Visible" library="SeleniumLibrary">
<arg>${Login_link}</arg>
<doc>Waits until the element ``locator`` is visible.</doc>
<status status="PASS" starttime="20220613 05:12:33.406" endtime="20220613 05:12:33.508"/>
</kw>
<kw name="Click Link" library="SeleniumLibrary">
<arg>${Login_link}</arg>
<doc>Clicks a link identified by ``locator``.</doc>
<msg timestamp="20220613 05:12:33.509" level="INFO">Clicking link 'xpath://a[contains(text(),'Log In')]'.</msg>
<status status="PASS" starttime="20220613 05:12:33.508" endtime="20220613 05:12:33.894"/>
</kw>
<kw name="Input Text" library="SeleniumLibrary">
<arg>${usernaame}</arg>
<arg>${username}</arg>
<doc>Types the given ``text`` into the text field identified by ``locator``.</doc>
<msg timestamp="20220613 05:12:33.898" level="INFO">Typing text '' into text field 'id:username'.</msg>
<status status="PASS" starttime="20220613 05:12:33.896" endtime="20220613 05:12:34.127"/>
</kw>
<kw name="Input Text" library="SeleniumLibrary">
<arg>${passwoord}</arg>
<arg>${password}</arg>
<doc>Types the given ``text`` into the text field identified by ``locator``.</doc>
<msg timestamp="20220613 05:12:34.161" level="INFO">Typing text 'passwordd' into text field 'id:password'.</msg>
<status status="PASS" starttime="20220613 05:12:34.159" endtime="20220613 05:12:34.343"/>
</kw>
<kw name="Wait Until Element Is Visible" library="SeleniumLibrary">
<arg>${Login}</arg>
<doc>Waits until the element ``locator`` is visible.</doc>
<status status="PASS" starttime="20220613 05:12:34.344" endtime="20220613 05:12:34.405"/>
</kw>
<kw name="Click Button" library="SeleniumLibrary">
<arg>${Login}</arg>
<doc>Clicks the button identified by ``locator``.</doc>
<msg timestamp="20220613 05:12:34.406" level="INFO">Clicking button 'xpath:/html/body/section/form/input[3]'.</msg>
<status status="PASS" starttime="20220613 05:12:34.406" endtime="20220613 05:12:35.006"/>
</kw>
<kw name="Page Should Contain" library="SeleniumLibrary">
<arg>${errormessage}</arg>
<doc>Verifies that current page contains ``text``.</doc>
<msg timestamp="20220613 05:12:36.437" level="INFO" html="true">&lt;/td&gt;&lt;/tr&gt;&lt;tr&gt;&lt;td colspan="3"&gt;&lt;a href="selenium-screenshot-8.png"&gt;&lt;img src="selenium-screenshot-8.png" width="800px"&gt;&lt;/a&gt;</msg>
<msg timestamp="20220613 05:12:36.439" level="FAIL">Page should have contained text 'Please fill out this field.' but did not.</msg>
<status status="FAIL" starttime="20220613 05:12:35.006" endtime="20220613 05:12:36.593"/>
</kw>
<status status="FAIL" starttime="20220613 05:12:21.835" endtime="20220613 05:12:36.604"/>
</kw>
<kw name="DDT For Invalid Login Scenarios">
<arg>usernamee</arg>
<arg>${EMPTY}</arg>
<arg>Please fill out this field.</arg>
<kw name="Open Browser" library="SeleniumLibrary">
<arg>${URL}</arg>
<arg>${BROWSER}</arg>
<doc>Opens a new browser instance to the optional ``url``.</doc>
<msg timestamp="20220613 05:12:36.607" level="INFO">Opening browser 'chrome' to base url 'http://192.168.1.162:8080/'.</msg>
<status status="PASS" starttime="20220613 05:12:36.606" endtime="20220613 05:12:45.058"/>
</kw>
<kw name="Maximize Browser Window" library="SeleniumLibrary">
<doc>Maximizes current browser window.</doc>
<status status="PASS" starttime="20220613 05:12:45.059" endtime="20220613 05:12:45.580"/>
</kw>
<kw name="Wait Until Element Is Visible" library="SeleniumLibrary">
<arg>${Login_link}</arg>
<doc>Waits until the element ``locator`` is visible.</doc>
<status status="PASS" starttime="20220613 05:12:45.581" endtime="20220613 05:12:45.630"/>
</kw>
<kw name="Click Link" library="SeleniumLibrary">
<arg>${Login_link}</arg>
<doc>Clicks a link identified by ``locator``.</doc>
<msg timestamp="20220613 05:12:45.631" level="INFO">Clicking link 'xpath://a[contains(text(),'Log In')]'.</msg>
<status status="PASS" starttime="20220613 05:12:45.630" endtime="20220613 05:12:46.383"/>
</kw>
<kw name="Input Text" library="SeleniumLibrary">
<arg>${usernaame}</arg>
<arg>${username}</arg>
<doc>Types the given ``text`` into the text field identified by ``locator``.</doc>
<msg timestamp="20220613 05:12:46.384" level="INFO">Typing text 'usernamee' into text field 'id:username'.</msg>
<status status="PASS" starttime="20220613 05:12:46.383" endtime="20220613 05:12:46.600"/>
</kw>
<kw name="Input Text" library="SeleniumLibrary">
<arg>${passwoord}</arg>
<arg>${password}</arg>
<doc>Types the given ``text`` into the text field identified by ``locator``.</doc>
<msg timestamp="20220613 05:12:46.601" level="INFO">Typing text '' into text field 'id:password'.</msg>
<status status="PASS" starttime="20220613 05:12:46.600" endtime="20220613 05:12:46.738"/>
</kw>
<kw name="Wait Until Element Is Visible" library="SeleniumLibrary">
<arg>${Login}</arg>
<doc>Waits until the element ``locator`` is visible.</doc>
<status status="PASS" starttime="20220613 05:12:46.739" endtime="20220613 05:12:46.867"/>
</kw>
<kw name="Click Button" library="SeleniumLibrary">
<arg>${Login}</arg>
<doc>Clicks the button identified by ``locator``.</doc>
<msg timestamp="20220613 05:12:46.867" level="INFO">Clicking button 'xpath:/html/body/section/form/input[3]'.</msg>
<status status="PASS" starttime="20220613 05:12:46.867" endtime="20220613 05:12:47.276"/>
</kw>
<kw name="Page Should Contain" library="SeleniumLibrary">
<arg>${errormessage}</arg>
<doc>Verifies that current page contains ``text``.</doc>
<msg timestamp="20220613 05:12:49.032" level="INFO" html="true">&lt;/td&gt;&lt;/tr&gt;&lt;tr&gt;&lt;td colspan="3"&gt;&lt;a href="selenium-screenshot-9.png"&gt;&lt;img src="selenium-screenshot-9.png" width="800px"&gt;&lt;/a&gt;</msg>
<msg timestamp="20220613 05:12:49.033" level="FAIL">Page should have contained text 'Please fill out this field.' but did not.</msg>
<status status="FAIL" starttime="20220613 05:12:47.277" endtime="20220613 05:12:49.035"/>
</kw>
<status status="FAIL" starttime="20220613 05:12:36.605" endtime="20220613 05:12:49.037"/>
</kw>
<kw name="DDT For Invalid Login Scenarios">
<arg>user</arg>
<arg>test</arg>
<arg>Login Failure</arg>
<kw name="Open Browser" library="SeleniumLibrary">
<arg>${URL}</arg>
<arg>${BROWSER}</arg>
<doc>Opens a new browser instance to the optional ``url``.</doc>
<msg timestamp="20220613 05:12:49.220" level="INFO">Opening browser 'chrome' to base url 'http://192.168.1.162:8080/'.</msg>
<status status="PASS" starttime="20220613 05:12:49.205" endtime="20220613 05:12:55.162"/>
</kw>
<kw name="Maximize Browser Window" library="SeleniumLibrary">
<doc>Maximizes current browser window.</doc>
<status status="PASS" starttime="20220613 05:12:55.165" endtime="20220613 05:12:55.606"/>
</kw>
<kw name="Wait Until Element Is Visible" library="SeleniumLibrary">
<arg>${Login_link}</arg>
<doc>Waits until the element ``locator`` is visible.</doc>
<status status="PASS" starttime="20220613 05:12:55.607" endtime="20220613 05:12:55.872"/>
</kw>
<kw name="Click Link" library="SeleniumLibrary">
<arg>${Login_link}</arg>
<doc>Clicks a link identified by ``locator``.</doc>
<msg timestamp="20220613 05:12:55.873" level="INFO">Clicking link 'xpath://a[contains(text(),'Log In')]'.</msg>
<status status="PASS" starttime="20220613 05:12:55.872" endtime="20220613 05:12:56.398"/>
</kw>
<kw name="Input Text" library="SeleniumLibrary">
<arg>${usernaame}</arg>
<arg>${username}</arg>
<doc>Types the given ``text`` into the text field identified by ``locator``.</doc>
<msg timestamp="20220613 05:12:56.400" level="INFO">Typing text 'user' into text field 'id:username'.</msg>
<status status="PASS" starttime="20220613 05:12:56.399" endtime="20220613 05:12:56.858"/>
</kw>
<kw name="Input Text" library="SeleniumLibrary">
<arg>${passwoord}</arg>
<arg>${password}</arg>
<doc>Types the given ``text`` into the text field identified by ``locator``.</doc>
<msg timestamp="20220613 05:12:56.860" level="INFO">Typing text 'test' into text field 'id:password'.</msg>
<status status="PASS" starttime="20220613 05:12:56.859" endtime="20220613 05:12:57.088"/>
</kw>
<kw name="Wait Until Element Is Visible" library="SeleniumLibrary">
<arg>${Login}</arg>
<doc>Waits until the element ``locator`` is visible.</doc>
<status status="PASS" starttime="20220613 05:12:57.089" endtime="20220613 05:12:57.157"/>
</kw>
<kw name="Click Button" library="SeleniumLibrary">
<arg>${Login}</arg>
<doc>Clicks the button identified by ``locator``.</doc>
<msg timestamp="20220613 05:12:57.159" level="INFO">Clicking button 'xpath:/html/body/section/form/input[3]'.</msg>
<status status="PASS" starttime="20220613 05:12:57.158" endtime="20220613 05:12:57.674"/>
</kw>
<kw name="Page Should Contain" library="SeleniumLibrary">
<arg>${errormessage}</arg>
<doc>Verifies that current page contains ``text``.</doc>
<msg timestamp="20220613 05:12:57.750" level="INFO">Current page contains text 'Login Failure'.</msg>
<status status="PASS" starttime="20220613 05:12:57.674" endtime="20220613 05:12:57.750"/>
</kw>
<status status="PASS" starttime="20220613 05:12:49.203" endtime="20220613 05:12:57.751"/>
</kw>
<tag>Invalid</tag>
<status status="FAIL" starttime="20220613 05:12:01.325" endtime="20220613 05:12:57.760">Several failures occurred:

1) Page should have contained text 'Please fill out this field.' but did not.

2) Page should have contained text 'Please fill out this field.' but did not.</status>
</test>
<status status="FAIL" starttime="20220613 05:11:58.417" endtime="20220613 05:12:57.765"/>
</suite>
<statistics>
<total>
<stat pass="0" fail="1" skip="0">All Tests</stat>
</total>
<tag>
<stat pass="0" fail="1" skip="0">Invalid</stat>
</tag>
<suite>
<stat pass="0" fail="1" skip="0" id="s1" name="flaskyTestCases">flaskyTestCases</stat>
</suite>
</statistics>
<errors>
</errors>
</robot>
